This file contains any messages produced by compilers while
running configure, to aid debugging if configure makes a mistake.

It was created by sqlite configure 3.41.2, which was
generated by GNU Autoconf 2.69.  Invocation command line was

  $ ./configure --enable-debug --disable-readline --disable-threadsafe --disable-shared

## --------- ##
## Platform. ##
## --------- ##

hostname = bigdata-virtual-machine
uname -m = x86_64
uname -r = 5.15.0-70-generic
uname -s = Linux
uname -v = #77~20.04.1-Ubuntu SMP Wed Apr 5 09:38:34 UTC 2023

/usr/bin/uname -p = x86_64
/bin/uname -X     = unknown

/bin/arch              = x86_64
/usr/bin/arch -k       = unknown
/usr/convex/getsysinfo = unknown
/usr/bin/hostinfo      = unknown
/bin/machine           = unknown
/usr/bin/oslevel       = unknown
/bin/universe          = unknown

PATH: /root/.vscode-server/bin/b7886d7461186a5eac768481578c1d7ca80e2d21/bin/remote-cli
PATH: /root/anaconda3/envs/mytorch/bin
PATH: /root/anaconda3/condabin
PATH: /home/bigdata/Documents/logicalBug/windranger/SVF_V2.5_SRC/Release-build/bin
PATH: /home/bigdata/Documents/logicalBug/SVF-2.5/llvm-12.0.0/bin
PATH: /usr/local/sbin
PATH: /usr/local/bin
PATH: /usr/sbin
PATH: /usr/bin
PATH: /sbin
PATH: /bin
PATH: /usr/games
PATH: /usr/local/games
PATH: /snap/bin
PATH: /usr/local/go/bin
PATH: /home/linjie/go/bin


## ----------- ##
## Core tests. ##
## ----------- ##

configure:2501: checking build system type
configure:2515: result: x86_64-pc-linux-gnu
configure:2535: checking host system type
configure:2548: result: x86_64-pc-linux-gnu
configure:2616: checking for gcc
configure:2643: result: glang
configure:2872: checking for C compiler version
configure:2881: glang --version >&5
./configure: line 2883: glang: command not found
configure:2892: $? = 127
configure:2881: glang -v >&5
./configure: line 2883: glang: command not found
configure:2892: $? = 127
configure:2881: glang -V >&5
./configure: line 2883: glang: command not found
configure:2892: $? = 127
configure:2881: glang -qversion >&5
./configure: line 2883: glang: command not found
configure:2892: $? = 127
configure:2912: checking whether the C compiler works
configure:2934: glang    conftest.c  >&5
./configure: line 2936: glang: command not found
configure:2938: $? = 127
configure:2976: result: no
configure: failed program was:
| /* confdefs.h */
| #define PACKAGE_NAME "sqlite"
| #define PACKAGE_TARNAME "sqlite"
| #define PACKAGE_VERSION "3.41.2"
| #define PACKAGE_STRING "sqlite 3.41.2"
| #define PACKAGE_BUGREPORT ""
| #define PACKAGE_URL ""
| /* end confdefs.h.  */
| 
| int
| main ()
| {
| 
|   ;
|   return 0;
| }
configure:2981: error: in `/home/bigdata/Documents/logicalBug/windranger/windranger/sqlite_instrument/sqlite-src-3410200':
configure:2983: error: C compiler cannot create executables
See `config.log' for more details

## ---------------- ##
## Cache variables. ##
## ---------------- ##

ac_cv_build=x86_64-pc-linux-gnu
ac_cv_env_CC_set=set
ac_cv_env_CC_value=glang
ac_cv_env_CFLAGS_set=
ac_cv_env_CFLAGS_value=
ac_cv_env_CPPFLAGS_set=
ac_cv_env_CPPFLAGS_value=
ac_cv_env_CPP_set=
ac_cv_env_CPP_value=
ac_cv_env_LDFLAGS_set=
ac_cv_env_LDFLAGS_value=
ac_cv_env_LIBS_set=
ac_cv_env_LIBS_value=
ac_cv_env_TCLLIBDIR_set=
ac_cv_env_TCLLIBDIR_value=
ac_cv_env_build_alias_set=
ac_cv_env_build_alias_value=
ac_cv_env_host_alias_set=
ac_cv_env_host_alias_value=
ac_cv_env_target_alias_set=
ac_cv_env_target_alias_value=
ac_cv_host=x86_64-pc-linux-gnu
ac_cv_prog_ac_ct_CC=glang

## ----------------- ##
## Output variables. ##
## ----------------- ##

ALLOWRELEASE=''
AMALGAMATION_LINE_MACROS=''
AR=''
BUILD_CC=''
BUILD_CFLAGS=''
BUILD_EXEEXT=''
CC='glang'
CFLAGS=''
CPP=''
CPPFLAGS=''
DEFS=''
DSYMUTIL=''
DUMPBIN=''
ECHO_C=''
ECHO_N='-n'
ECHO_T=''
EGREP=''
EXEEXT=''
FGREP=''
GREP=''
HAVE_TCL=''
HAVE_WASI_SDK=''
HAVE_ZLIB=''
INSTALL_DATA=''
INSTALL_PROGRAM=''
INSTALL_SCRIPT=''
LD=''
LDFLAGS=''
LIBOBJS=''
LIBS=''
LIBTOOL=''
LIPO=''
LN_S=''
LTLIBOBJS=''
NM=''
NMEDIT=''
OBJDUMP=''
OBJEXT=''
OPT_FEATURE_FLAGS=''
OTOOL64=''
OTOOL=''
PACKAGE_BUGREPORT=''
PACKAGE_NAME='sqlite'
PACKAGE_STRING='sqlite 3.41.2'
PACKAGE_TARNAME='sqlite'
PACKAGE_URL=''
PACKAGE_VERSION='3.41.2'
PATH_SEPARATOR=':'
RANLIB=''
RELEASE=''
SED=''
SHELL='/bin/bash'
SQLITE_OS_UNIX=''
SQLITE_OS_WIN=''
SQLITE_THREADSAFE=''
STRIP=''
TARGET_DEBUG=''
TARGET_EXEEXT=''
TARGET_HAVE_EDITLINE=''
TARGET_HAVE_READLINE=''
TARGET_READLINE_INC=''
TARGET_READLINE_LIBS=''
TCLLIBDIR=''
TCLSH_CMD=''
TCL_BIN_DIR=''
TCL_INCLUDE_SPEC=''
TCL_LIB_FILE=''
TCL_LIB_FLAG=''
TCL_LIB_SPEC=''
TCL_SHLIB_SUFFIX=''
TCL_SRC_DIR=''
TCL_STUB_LIB_FILE=''
TCL_STUB_LIB_FLAG=''
TCL_STUB_LIB_SPEC=''
TCL_VERSION=''
TEMP_STORE=''
USE_AMALGAMATION=''
USE_GCOV=''
VERSION=''
ac_ct_CC='glang'
ac_ct_DUMPBIN=''
bindir='${exec_prefix}/bin'
build='x86_64-pc-linux-gnu'
build_alias=''
build_cpu='x86_64'
build_os='linux-gnu'
build_vendor='pc'
datadir='${datarootdir}'
datarootdir='${prefix}/share'
docdir='${datarootdir}/doc/${PACKAGE_TARNAME}'
dvidir='${docdir}'
exec_prefix='NONE'
host='x86_64-pc-linux-gnu'
host_alias=''
host_cpu='x86_64'
host_os='linux-gnu'
host_vendor='pc'
htmldir='${docdir}'
includedir='${prefix}/include'
infodir='${datarootdir}/info'
libdir='${exec_prefix}/lib'
libexecdir='${exec_prefix}/libexec'
localedir='${datarootdir}/locale'
localstatedir='${prefix}/var'
lt_ECHO='echo'
mandir='${datarootdir}/man'
oldincludedir='/usr/include'
pdfdir='${docdir}'
prefix='NONE'
program_prefix='NONE'
program_transform_name='s,x,x,'
psdir='${docdir}'
sbindir='${exec_prefix}/sbin'
sharedstatedir='${prefix}/com'
sysconfdir='${prefix}/etc'
target_alias=''

## ----------- ##
## confdefs.h. ##
## ----------- ##

/* confdefs.h */
#define PACKAGE_NAME "sqlite"
#define PACKAGE_TARNAME "sqlite"
#define PACKAGE_VERSION "3.41.2"
#define PACKAGE_STRING "sqlite 3.41.2"
#define PACKAGE_BUGREPORT ""
#define PACKAGE_URL ""

configure: exit 77
